Symlinking /home/jcab/ros_ws/devel/lib/pkgconfig/robotiq_urcap_control.pc
Symlinking /home/jcab/ros_ws/devel/lib/python2.7/dist-packages/robotiq_urcap_control/__init__.py
Symlinking /home/jcab/ros_ws/devel/lib/python2.7/dist-packages/robotiq_urcap_control/msg/__init__.py
Symlinking /home/jcab/ros_ws/devel/lib/python2.7/dist-packages/robotiq_urcap_control/msg/_Robotiq2FGripper_robot_output.py
Symlinking /home/jcab/ros_ws/devel/lib/python2.7/dist-packages/robotiq_urcap_control/msg/_Robotiq2FGripper_robot_input.py
Symlinking /home/jcab/ros_ws/devel/include/robotiq_urcap_control/Robotiq2FGripper_robot_input.h
Symlinking /home/jcab/ros_ws/devel/include/robotiq_urcap_control/Robotiq2FGripper_robot_output.h
Symlinking /home/jcab/ros_ws/devel/share/robotiq_urcap_control/cmake/robotiq_urcap_control-msg-extras.cmake
Symlinking /home/jcab/ros_ws/devel/share/robotiq_urcap_control/cmake/robotiq_urcap_control-msg-paths.cmake
Symlinking /home/jcab/ros_ws/devel/share/robotiq_urcap_control/cmake/robotiq_urcap_controlConfig-version.cmake
Symlinking /home/jcab/ros_ws/devel/share/robotiq_urcap_control/cmake/robotiq_urcap_controlConfig.cmake
Symlinking /home/jcab/ros_ws/devel/share/gennodejs/ros/robotiq_urcap_control/_index.js
Symlinking /home/jcab/ros_ws/devel/share/gennodejs/ros/robotiq_urcap_control/msg/Robotiq2FGripper_robot_output.js
Symlinking /home/jcab/ros_ws/devel/share/gennodejs/ros/robotiq_urcap_control/msg/_index.js
Symlinking /home/jcab/ros_ws/devel/share/gennodejs/ros/robotiq_urcap_control/msg/Robotiq2FGripper_robot_input.js
Symlinking /home/jcab/ros_ws/devel/share/roseus/ros/robotiq_urcap_control/manifest.l
Symlinking /home/jcab/ros_ws/devel/share/roseus/ros/robotiq_urcap_control/msg/Robotiq2FGripper_robot_input.l
Symlinking /home/jcab/ros_ws/devel/share/roseus/ros/robotiq_urcap_control/msg/Robotiq2FGripper_robot_output.l
Symlinking /home/jcab/ros_ws/devel/share/common-lisp/ros/robotiq_urcap_control/msg/_package_Robotiq2FGripper_robot_input.lisp
Symlinking /home/jcab/ros_ws/devel/share/common-lisp/ros/robotiq_urcap_control/msg/Robotiq2FGripper_robot_output.lisp
Symlinking /home/jcab/ros_ws/devel/share/common-lisp/ros/robotiq_urcap_control/msg/_package.lisp
Symlinking /home/jcab/ros_ws/devel/share/common-lisp/ros/robotiq_urcap_control/msg/Robotiq2FGripper_robot_input.lisp
Symlinking /home/jcab/ros_ws/devel/share/common-lisp/ros/robotiq_urcap_control/msg/robotiq_urcap_control-msg.asd
Symlinking /home/jcab/ros_ws/devel/share/common-lisp/ros/robotiq_urcap_control/msg/_package_Robotiq2FGripper_robot_output.lisp
