[35m[1mScanning dependencies of target _robotiq_urcap_control_generate_messages_check_deps_Robotiq2FGripper_robot_input[0m
[  0%] Built target _robotiq_urcap_control_generate_messages_check_deps_Robotiq2FGripper_robot_input
[35m[1mScanning dependencies of target _robotiq_urcap_control_generate_messages_check_deps_Robotiq2FGripper_robot_output[0m
[  0%] Built target _robotiq_urcap_control_generate_messages_check_deps_Robotiq2FGripper_robot_output
[35m[1mScanning dependencies of target std_msgs_generate_messages_py[0m
[  0%] Built target std_msgs_generate_messages_py
[35m[1mScanning dependencies of target std_msgs_generate_messages_nodejs[0m
[  0%] Built target std_msgs_generate_messages_nodejs
[35m[1mScanning dependencies of target std_msgs_generate_messages_lisp[0m
[  0%] Built target std_msgs_generate_messages_lisp
[35m[1mScanning dependencies of target std_msgs_generate_messages_eus[0m
[  0%] Built target std_msgs_generate_messages_eus
[35m[1mScanning dependencies of target std_msgs_generate_messages_cpp[0m
[  0%] Built target std_msgs_generate_messages_cpp
[35m[1mScanning dependencies of target robotiq_urcap_control_generate_messages_py[0m
[  8%] [34m[1mGenerating Python from MSG robotiq_urcap_control/Robotiq2FGripper_robot_output[0m
[ 16%] [34m[1mGenerating Python from MSG robotiq_urcap_control/Robotiq2FGripper_robot_input[0m
[ 25%] [34m[1mGenerating Python msg __init__.py for robotiq_urcap_control[0m
[ 25%] Built target robotiq_urcap_control_generate_messages_py
[35m[1mScanning dependencies of target robotiq_urcap_control_generate_messages_nodejs[0m
[ 33%] [34m[1mGenerating Javascript code from robotiq_urcap_control/Robotiq2FGripper_robot_output.msg[0m
[ 41%] [34m[1mGenerating Javascript code from robotiq_urcap_control/Robotiq2FGripper_robot_input.msg[0m
[ 41%] Built target robotiq_urcap_control_generate_messages_nodejs
[35m[1mScanning dependencies of target robotiq_urcap_control_generate_messages_lisp[0m
[ 50%] [34m[1mGenerating Lisp code from robotiq_urcap_control/Robotiq2FGripper_robot_output.msg[0m
[ 58%] [34m[1mGenerating Lisp code from robotiq_urcap_control/Robotiq2FGripper_robot_input.msg[0m
[ 58%] Built target robotiq_urcap_control_generate_messages_lisp
[35m[1mScanning dependencies of target robotiq_urcap_control_generate_messages_eus[0m
[ 66%] [34m[1mGenerating EusLisp code from robotiq_urcap_control/Robotiq2FGripper_robot_output.msg[0m
[ 75%] [34m[1mGenerating EusLisp code from robotiq_urcap_control/Robotiq2FGripper_robot_input.msg[0m
[ 83%] [34m[1mGenerating EusLisp manifest code for robotiq_urcap_control[0m
[ 83%] Built target robotiq_urcap_control_generate_messages_eus
[35m[1mScanning dependencies of target robotiq_urcap_control_generate_messages_cpp[0m
[ 91%] [34m[1mGenerating C++ code from robotiq_urcap_control/Robotiq2FGripper_robot_output.msg[0m
[100%] [34m[1mGenerating C++ code from robotiq_urcap_control/Robotiq2FGripper_robot_input.msg[0m
[100%] Built target robotiq_urcap_control_generate_messages_cpp
[35m[1mScanning dependencies of target robotiq_urcap_control_generate_messages[0m
[100%] Built target robotiq_urcap_control_generate_messages
