Determining if the pthread_create exist failed with the following output:
Change Dir: /home/jcab/ros_ws/build/ur_kinematics/CMakeFiles/CMakeTmp

Run Build Command:"/usr/bin/make" "cmTC_ba3ef/fast"
/usr/bin/make -f CMakeFiles/cmTC_ba3ef.dir/build.make CMakeFiles/cmTC_ba3ef.dir/build
make[1]: Entering directory '/home/jcab/ros_ws/build/ur_kinematics/CMakeFiles/CMakeTmp'
Building C object CMakeFiles/cmTC_ba3ef.dir/CheckSymbolExists.c.o
/usr/bin/cc    -o CMakeFiles/cmTC_ba3ef.dir/CheckSymbolExists.c.o   -c /home/jcab/ros_ws/build/ur_kinematics/CMakeFiles/CMakeTmp/CheckSymbolExists.c
Linking C executable cmTC_ba3ef
/usr/bin/cmake -E cmake_link_script CMakeFiles/cmTC_ba3ef.dir/link.txt --verbose=1
/usr/bin/cc      -rdynamic CMakeFiles/cmTC_ba3ef.dir/CheckSymbolExists.c.o  -o cmTC_ba3ef 
CMakeFiles/cmTC_ba3ef.dir/CheckSymbolExists.c.o: In function `main':
CheckSymbolExists.c:(.text+0x1b): undefined reference to `pthread_create'
collect2: error: ld returned 1 exit status
CMakeFiles/cmTC_ba3ef.dir/build.make:97: recipe for target 'cmTC_ba3ef' failed
make[1]: *** [cmTC_ba3ef] Error 1
make[1]: Leaving directory '/home/jcab/ros_ws/build/ur_kinematics/CMakeFiles/CMakeTmp'
Makefile:126: recipe for target 'cmTC_ba3ef/fast' failed
make: *** [cmTC_ba3ef/fast] Error 2

File /home/jcab/ros_ws/build/ur_kinematics/CMakeFiles/CMakeTmp/CheckSymbolExists.c:
/* */
#include <pthread.h>

int main(int argc, char** argv)
{
  (void)argv;
#ifndef pthread_create
  return ((int*)(&pthread_create))[argc];
#else
  (void)argc;
  return 0;
#endif
}

Determining if the function pthread_create exists in the pthreads failed with the following output:
Change Dir: /home/jcab/ros_ws/build/ur_kinematics/CMakeFiles/CMakeTmp

Run Build Command:"/usr/bin/make" "cmTC_18999/fast"
/usr/bin/make -f CMakeFiles/cmTC_18999.dir/build.make CMakeFiles/cmTC_18999.dir/build
make[1]: Entering directory '/home/jcab/ros_ws/build/ur_kinematics/CMakeFiles/CMakeTmp'
Building C object CMakeFiles/cmTC_18999.dir/CheckFunctionExists.c.o
/usr/bin/cc   -DCHECK_FUNCTION_EXISTS=pthread_create   -o CMakeFiles/cmTC_18999.dir/CheckFunctionExists.c.o   -c /usr/share/cmake-3.10/Modules/CheckFunctionExists.c
Linking C executable cmTC_18999
/usr/bin/cmake -E cmake_link_script CMakeFiles/cmTC_18999.dir/link.txt --verbose=1
/usr/bin/cc  -DCHECK_FUNCTION_EXISTS=pthread_create    -rdynamic CMakeFiles/cmTC_18999.dir/CheckFunctionExists.c.o  -o cmTC_18999 -lpthreads 
/usr/bin/ld: cannot find -lpthreads
collect2: error: ld returned 1 exit status
CMakeFiles/cmTC_18999.dir/build.make:97: recipe for target 'cmTC_18999' failed
make[1]: *** [cmTC_18999] Error 1
make[1]: Leaving directory '/home/jcab/ros_ws/build/ur_kinematics/CMakeFiles/CMakeTmp'
Makefile:126: recipe for target 'cmTC_18999/fast' failed
make: *** [cmTC_18999/fast] Error 2


