Determining if the pthread_create exist failed with the following output:
Change Dir: /home/jcab/ros_ws/build/ur3e_moveit_config/CMakeFiles/CMakeTmp

Run Build Command:"/usr/bin/make" "cmTC_93f5f/fast"
/usr/bin/make -f CMakeFiles/cmTC_93f5f.dir/build.make CMakeFiles/cmTC_93f5f.dir/build
make[1]: Entering directory '/home/jcab/ros_ws/build/ur3e_moveit_config/CMakeFiles/CMakeTmp'
Building C object CMakeFiles/cmTC_93f5f.dir/CheckSymbolExists.c.o
/usr/bin/cc    -o CMakeFiles/cmTC_93f5f.dir/CheckSymbolExists.c.o   -c /home/jcab/ros_ws/build/ur3e_moveit_config/CMakeFiles/CMakeTmp/CheckSymbolExists.c
Linking C executable cmTC_93f5f
/usr/bin/cmake -E cmake_link_script CMakeFiles/cmTC_93f5f.dir/link.txt --verbose=1
/usr/bin/cc      -rdynamic CMakeFiles/cmTC_93f5f.dir/CheckSymbolExists.c.o  -o cmTC_93f5f 
CMakeFiles/cmTC_93f5f.dir/CheckSymbolExists.c.o: In function `main':
CheckSymbolExists.c:(.text+0x1b): undefined reference to `pthread_create'
collect2: error: ld returned 1 exit status
CMakeFiles/cmTC_93f5f.dir/build.make:97: recipe for target 'cmTC_93f5f' failed
make[1]: *** [cmTC_93f5f] Error 1
make[1]: Leaving directory '/home/jcab/ros_ws/build/ur3e_moveit_config/CMakeFiles/CMakeTmp'
Makefile:126: recipe for target 'cmTC_93f5f/fast' failed
make: *** [cmTC_93f5f/fast] Error 2

File /home/jcab/ros_ws/build/ur3e_moveit_config/CMakeFiles/CMakeTmp/CheckSymbolExists.c:
/* */
#include <pthread.h>

int main(int argc, char** argv)
{
  (void)argv;
#ifndef pthread_create
  return ((int*)(&pthread_create))[argc];
#else
  (void)argc;
  return 0;
#endif
}

Determining if the function pthread_create exists in the pthreads failed with the following output:
Change Dir: /home/jcab/ros_ws/build/ur3e_moveit_config/CMakeFiles/CMakeTmp

Run Build Command:"/usr/bin/make" "cmTC_eca58/fast"
/usr/bin/make -f CMakeFiles/cmTC_eca58.dir/build.make CMakeFiles/cmTC_eca58.dir/build
make[1]: Entering directory '/home/jcab/ros_ws/build/ur3e_moveit_config/CMakeFiles/CMakeTmp'
Building C object CMakeFiles/cmTC_eca58.dir/CheckFunctionExists.c.o
/usr/bin/cc   -DCHECK_FUNCTION_EXISTS=pthread_create   -o CMakeFiles/cmTC_eca58.dir/CheckFunctionExists.c.o   -c /usr/share/cmake-3.10/Modules/CheckFunctionExists.c
Linking C executable cmTC_eca58
/usr/bin/cmake -E cmake_link_script CMakeFiles/cmTC_eca58.dir/link.txt --verbose=1
/usr/bin/cc  -DCHECK_FUNCTION_EXISTS=pthread_create    -rdynamic CMakeFiles/cmTC_eca58.dir/CheckFunctionExists.c.o  -o cmTC_eca58 -lpthreads 
/usr/bin/ld: cannot find -lpthreads
collect2: error: ld returned 1 exit status
CMakeFiles/cmTC_eca58.dir/build.make:97: recipe for target 'cmTC_eca58' failed
make[1]: *** [cmTC_eca58] Error 1
make[1]: Leaving directory '/home/jcab/ros_ws/build/ur3e_moveit_config/CMakeFiles/CMakeTmp'
Makefile:126: recipe for target 'cmTC_eca58/fast' failed
make: *** [cmTC_eca58/fast] Error 2


