Symlinking /home/jcab/ros_ws/devel/lib/pkgconfig/robotiq_msgs.pc
Symlinking /home/jcab/ros_ws/devel/lib/python2.7/dist-packages/robotiq_msgs/__init__.py
Symlinking /home/jcab/ros_ws/devel/lib/python2.7/dist-packages/robotiq_msgs/msg/_CModelCommandActionFeedback.py
Symlinking /home/jcab/ros_ws/devel/lib/python2.7/dist-packages/robotiq_msgs/msg/_CModelCommandResult.py
Symlinking /home/jcab/ros_ws/devel/lib/python2.7/dist-packages/robotiq_msgs/msg/_CModelStatus.py
Symlinking /home/jcab/ros_ws/devel/lib/python2.7/dist-packages/robotiq_msgs/msg/_CModelCommandAction.py
Symlinking /home/jcab/ros_ws/devel/lib/python2.7/dist-packages/robotiq_msgs/msg/_CModelCommandActionResult.py
Symlinking /home/jcab/ros_ws/devel/lib/python2.7/dist-packages/robotiq_msgs/msg/_CModelCommand.py
Symlinking /home/jcab/ros_ws/devel/lib/python2.7/dist-packages/robotiq_msgs/msg/_CModelCommandActionGoal.py
Symlinking /home/jcab/ros_ws/devel/lib/python2.7/dist-packages/robotiq_msgs/msg/__init__.py
Symlinking /home/jcab/ros_ws/devel/lib/python2.7/dist-packages/robotiq_msgs/msg/_CModelCommandGoal.py
Symlinking /home/jcab/ros_ws/devel/lib/python2.7/dist-packages/robotiq_msgs/msg/_CModelCommandFeedback.py
Symlinking /home/jcab/ros_ws/devel/include/robotiq_msgs/CModelCommandAction.h
Symlinking /home/jcab/ros_ws/devel/include/robotiq_msgs/CModelCommandActionResult.h
Symlinking /home/jcab/ros_ws/devel/include/robotiq_msgs/CModelCommandResult.h
Symlinking /home/jcab/ros_ws/devel/include/robotiq_msgs/CModelCommand.h
Symlinking /home/jcab/ros_ws/devel/include/robotiq_msgs/CModelStatus.h
Symlinking /home/jcab/ros_ws/devel/include/robotiq_msgs/CModelCommandFeedback.h
Symlinking /home/jcab/ros_ws/devel/include/robotiq_msgs/CModelCommandGoal.h
Symlinking /home/jcab/ros_ws/devel/include/robotiq_msgs/CModelCommandActionFeedback.h
Symlinking /home/jcab/ros_ws/devel/include/robotiq_msgs/CModelCommandActionGoal.h
Symlinking /home/jcab/ros_ws/devel/share/robotiq_msgs/cmake/robotiq_msgs-msg-extras.cmake
Symlinking /home/jcab/ros_ws/devel/share/robotiq_msgs/cmake/robotiq_msgsConfig.cmake
Symlinking /home/jcab/ros_ws/devel/share/robotiq_msgs/cmake/robotiq_msgsConfig-version.cmake
Symlinking /home/jcab/ros_ws/devel/share/robotiq_msgs/cmake/robotiq_msgs-msg-paths.cmake
Symlinking /home/jcab/ros_ws/devel/share/robotiq_msgs/msg/CModelCommandGoal.msg
Symlinking /home/jcab/ros_ws/devel/share/robotiq_msgs/msg/CModelCommandResult.msg
Symlinking /home/jcab/ros_ws/devel/share/robotiq_msgs/msg/CModelCommandFeedback.msg
Symlinking /home/jcab/ros_ws/devel/share/robotiq_msgs/msg/CModelCommandAction.msg
Symlinking /home/jcab/ros_ws/devel/share/robotiq_msgs/msg/CModelCommandActionFeedback.msg
Symlinking /home/jcab/ros_ws/devel/share/robotiq_msgs/msg/CModelCommandActionResult.msg
Symlinking /home/jcab/ros_ws/devel/share/robotiq_msgs/msg/CModelCommandActionGoal.msg
Symlinking /home/jcab/ros_ws/devel/share/gennodejs/ros/robotiq_msgs/_index.js
Symlinking /home/jcab/ros_ws/devel/share/gennodejs/ros/robotiq_msgs/msg/CModelCommandAction.js
Symlinking /home/jcab/ros_ws/devel/share/gennodejs/ros/robotiq_msgs/msg/CModelCommandActionGoal.js
Symlinking /home/jcab/ros_ws/devel/share/gennodejs/ros/robotiq_msgs/msg/_index.js
Symlinking /home/jcab/ros_ws/devel/share/gennodejs/ros/robotiq_msgs/msg/CModelCommand.js
Symlinking /home/jcab/ros_ws/devel/share/gennodejs/ros/robotiq_msgs/msg/CModelCommandGoal.js
Symlinking /home/jcab/ros_ws/devel/share/gennodejs/ros/robotiq_msgs/msg/CModelCommandActionResult.js
Symlinking /home/jcab/ros_ws/devel/share/gennodejs/ros/robotiq_msgs/msg/CModelStatus.js
Symlinking /home/jcab/ros_ws/devel/share/gennodejs/ros/robotiq_msgs/msg/CModelCommandFeedback.js
Symlinking /home/jcab/ros_ws/devel/share/gennodejs/ros/robotiq_msgs/msg/CModelCommandResult.js
Symlinking /home/jcab/ros_ws/devel/share/gennodejs/ros/robotiq_msgs/msg/CModelCommandActionFeedback.js
Symlinking /home/jcab/ros_ws/devel/share/roseus/ros/robotiq_msgs/manifest.l
Symlinking /home/jcab/ros_ws/devel/share/roseus/ros/robotiq_msgs/msg/CModelCommandActionResult.l
Symlinking /home/jcab/ros_ws/devel/share/roseus/ros/robotiq_msgs/msg/CModelCommandAction.l
Symlinking /home/jcab/ros_ws/devel/share/roseus/ros/robotiq_msgs/msg/CModelCommandActionFeedback.l
Symlinking /home/jcab/ros_ws/devel/share/roseus/ros/robotiq_msgs/msg/CModelCommandGoal.l
Symlinking /home/jcab/ros_ws/devel/share/roseus/ros/robotiq_msgs/msg/CModelCommand.l
Symlinking /home/jcab/ros_ws/devel/share/roseus/ros/robotiq_msgs/msg/CModelStatus.l
Symlinking /home/jcab/ros_ws/devel/share/roseus/ros/robotiq_msgs/msg/CModelCommandResult.l
Symlinking /home/jcab/ros_ws/devel/share/roseus/ros/robotiq_msgs/msg/CModelCommandActionGoal.l
Symlinking /home/jcab/ros_ws/devel/share/roseus/ros/robotiq_msgs/msg/CModelCommandFeedback.l
Symlinking /home/jcab/ros_ws/devel/share/common-lisp/ros/robotiq_msgs/msg/robotiq_msgs-msg.asd
Symlinking /home/jcab/ros_ws/devel/share/common-lisp/ros/robotiq_msgs/msg/_package.lisp
Symlinking /home/jcab/ros_ws/devel/share/common-lisp/ros/robotiq_msgs/msg/CModelCommandActionResult.lisp
Symlinking /home/jcab/ros_ws/devel/share/common-lisp/ros/robotiq_msgs/msg/CModelStatus.lisp
Symlinking /home/jcab/ros_ws/devel/share/common-lisp/ros/robotiq_msgs/msg/_package_CModelCommandActionFeedback.lisp
Symlinking /home/jcab/ros_ws/devel/share/common-lisp/ros/robotiq_msgs/msg/_package_CModelCommand.lisp
Symlinking /home/jcab/ros_ws/devel/share/common-lisp/ros/robotiq_msgs/msg/_package_CModelCommandResult.lisp
Symlinking /home/jcab/ros_ws/devel/share/common-lisp/ros/robotiq_msgs/msg/_package_CModelCommandActionResult.lisp
Symlinking /home/jcab/ros_ws/devel/share/common-lisp/ros/robotiq_msgs/msg/CModelCommandAction.lisp
Symlinking /home/jcab/ros_ws/devel/share/common-lisp/ros/robotiq_msgs/msg/_package_CModelCommandGoal.lisp
Symlinking /home/jcab/ros_ws/devel/share/common-lisp/ros/robotiq_msgs/msg/_package_CModelStatus.lisp
Symlinking /home/jcab/ros_ws/devel/share/common-lisp/ros/robotiq_msgs/msg/CModelCommand.lisp
Symlinking /home/jcab/ros_ws/devel/share/common-lisp/ros/robotiq_msgs/msg/_package_CModelCommandFeedback.lisp
Symlinking /home/jcab/ros_ws/devel/share/common-lisp/ros/robotiq_msgs/msg/CModelCommandGoal.lisp
Symlinking /home/jcab/ros_ws/devel/share/common-lisp/ros/robotiq_msgs/msg/CModelCommandActionGoal.lisp
Symlinking /home/jcab/ros_ws/devel/share/common-lisp/ros/robotiq_msgs/msg/CModelCommandResult.lisp
Symlinking /home/jcab/ros_ws/devel/share/common-lisp/ros/robotiq_msgs/msg/_package_CModelCommandActionGoal.lisp
Symlinking /home/jcab/ros_ws/devel/share/common-lisp/ros/robotiq_msgs/msg/_package_CModelCommandAction.lisp
Symlinking /home/jcab/ros_ws/devel/share/common-lisp/ros/robotiq_msgs/msg/CModelCommandActionFeedback.lisp
Symlinking /home/jcab/ros_ws/devel/share/common-lisp/ros/robotiq_msgs/msg/CModelCommandFeedback.lisp
