[35m[1mScanning dependencies of target _robotiq_msgs_generate_messages_check_deps_CModelCommandFeedback[0m
[  0%] Built target _robotiq_msgs_generate_messages_check_deps_CModelCommandFeedback
[35m[1mScanning dependencies of target _robotiq_msgs_generate_messages_check_deps_CModelCommandAction[0m
[  0%] Built target _robotiq_msgs_generate_messages_check_deps_CModelCommandAction
[35m[1mScanning dependencies of target _robotiq_msgs_generate_messages_check_deps_CModelCommandActionFeedback[0m
[  0%] Built target _robotiq_msgs_generate_messages_check_deps_CModelCommandActionFeedback
[35m[1mScanning dependencies of target _robotiq_msgs_generate_messages_check_deps_CModelCommand[0m
[  0%] Built target _robotiq_msgs_generate_messages_check_deps_CModelCommand
[35m[1mScanning dependencies of target _robotiq_msgs_generate_messages_check_deps_CModelCommandActionGoal[0m
[  0%] Built target _robotiq_msgs_generate_messages_check_deps_CModelCommandActionGoal
[35m[1mScanning dependencies of target _robotiq_msgs_generate_messages_check_deps_CModelCommandActionResult[0m
[  0%] Built target _robotiq_msgs_generate_messages_check_deps_CModelCommandActionResult
[35m[1mScanning dependencies of target _robotiq_msgs_generate_messages_check_deps_CModelStatus[0m
[  0%] Built target _robotiq_msgs_generate_messages_check_deps_CModelStatus
[35m[1mScanning dependencies of target _robotiq_msgs_generate_messages_check_deps_CModelCommandGoal[0m
[  0%] Built target _robotiq_msgs_generate_messages_check_deps_CModelCommandGoal
[35m[1mScanning dependencies of target actionlib_msgs_generate_messages_lisp[0m
[  0%] Built target actionlib_msgs_generate_messages_lisp
[35m[1mScanning dependencies of target control_msgs_generate_messages_lisp[0m
[  0%] Built target control_msgs_generate_messages_lisp
[35m[1mScanning dependencies of target _robotiq_msgs_generate_messages_check_deps_CModelCommandResult[0m
[  0%] Built target _robotiq_msgs_generate_messages_check_deps_CModelCommandResult
[35m[1mScanning dependencies of target actionlib_msgs_generate_messages_py[0m
[  0%] Built target actionlib_msgs_generate_messages_py
[35m[1mScanning dependencies of target control_msgs_generate_messages_py[0m
[  0%] Built target control_msgs_generate_messages_py
[35m[1mScanning dependencies of target actionlib_msgs_generate_messages_nodejs[0m
[  0%] Built target actionlib_msgs_generate_messages_nodejs
[35m[1mScanning dependencies of target control_msgs_generate_messages_nodejs[0m
[  0%] Built target control_msgs_generate_messages_nodejs
[35m[1mScanning dependencies of target control_msgs_generate_messages_cpp[0m
[  0%] Built target control_msgs_generate_messages_cpp
[35m[1mScanning dependencies of target actionlib_msgs_generate_messages_cpp[0m
[  0%] Built target actionlib_msgs_generate_messages_cpp
[35m[1mScanning dependencies of target actionlib_msgs_generate_messages_eus[0m
[  0%] Built target actionlib_msgs_generate_messages_eus
[35m[1mScanning dependencies of target control_msgs_generate_messages_eus[0m
[  0%] Built target control_msgs_generate_messages_eus
[35m[1mScanning dependencies of target robotiq_msgs_generate_messages_lisp[0m
[  2%] [34m[1mGenerating Lisp code from robotiq_msgs/CModelCommandGoal.msg[0m
[  4%] [34m[1mGenerating Lisp code from robotiq_msgs/CModelStatus.msg[0m
[  6%] [34m[1mGenerating Lisp code from robotiq_msgs/CModelCommandActionResult.msg[0m
[  8%] [34m[1mGenerating Lisp code from robotiq_msgs/CModelCommandActionGoal.msg[0m
[ 10%] [34m[1mGenerating Lisp code from robotiq_msgs/CModelCommandFeedback.msg[0m
[ 12%] [34m[1mGenerating Lisp code from robotiq_msgs/CModelCommand.msg[0m
[ 14%] [34m[1mGenerating Lisp code from robotiq_msgs/CModelCommandResult.msg[0m
[ 17%] [34m[1mGenerating Lisp code from robotiq_msgs/CModelCommandActionFeedback.msg[0m
[ 19%] [34m[1mGenerating Lisp code from robotiq_msgs/CModelCommandAction.msg[0m
[ 19%] Built target robotiq_msgs_generate_messages_lisp
[35m[1mScanning dependencies of target robotiq_msgs_generate_messages_py[0m
[ 21%] [34m[1mGenerating Python from MSG robotiq_msgs/CModelCommandGoal[0m
[ 23%] [34m[1mGenerating Python from MSG robotiq_msgs/CModelStatus[0m
[ 25%] [34m[1mGenerating Python from MSG robotiq_msgs/CModelCommandActionResult[0m
[ 27%] [34m[1mGenerating Python from MSG robotiq_msgs/CModelCommandActionGoal[0m
[ 29%] [34m[1mGenerating Python from MSG robotiq_msgs/CModelCommandFeedback[0m
[ 31%] [34m[1mGenerating Python from MSG robotiq_msgs/CModelCommand[0m
[ 34%] [34m[1mGenerating Python from MSG robotiq_msgs/CModelCommandResult[0m
[ 36%] [34m[1mGenerating Python from MSG robotiq_msgs/CModelCommandActionFeedback[0m
[ 38%] [34m[1mGenerating Python from MSG robotiq_msgs/CModelCommandAction[0m
[ 40%] [34m[1mGenerating Python msg __init__.py for robotiq_msgs[0m
[ 40%] Built target robotiq_msgs_generate_messages_py
[35m[1mScanning dependencies of target robotiq_msgs_generate_messages_nodejs[0m
[ 42%] [34m[1mGenerating Javascript code from robotiq_msgs/CModelCommandGoal.msg[0m
[ 44%] [34m[1mGenerating Javascript code from robotiq_msgs/CModelStatus.msg[0m
[ 46%] [34m[1mGenerating Javascript code from robotiq_msgs/CModelCommandActionResult.msg[0m
[ 48%] [34m[1mGenerating Javascript code from robotiq_msgs/CModelCommandActionGoal.msg[0m
[ 51%] [34m[1mGenerating Javascript code from robotiq_msgs/CModelCommandFeedback.msg[0m
[ 53%] [34m[1mGenerating Javascript code from robotiq_msgs/CModelCommand.msg[0m
[ 55%] [34m[1mGenerating Javascript code from robotiq_msgs/CModelCommandResult.msg[0m
[ 57%] [34m[1mGenerating Javascript code from robotiq_msgs/CModelCommandActionFeedback.msg[0m
[ 59%] [34m[1mGenerating Javascript code from robotiq_msgs/CModelCommandAction.msg[0m
[ 59%] Built target robotiq_msgs_generate_messages_nodejs
[35m[1mScanning dependencies of target robotiq_msgs_generate_messages_cpp[0m
[ 61%] [34m[1mGenerating C++ code from robotiq_msgs/CModelCommandGoal.msg[0m
[ 63%] [34m[1mGenerating C++ code from robotiq_msgs/CModelStatus.msg[0m
[ 65%] [34m[1mGenerating C++ code from robotiq_msgs/CModelCommandActionResult.msg[0m
[ 68%] [34m[1mGenerating C++ code from robotiq_msgs/CModelCommandActionGoal.msg[0m
[ 70%] [34m[1mGenerating C++ code from robotiq_msgs/CModelCommandFeedback.msg[0m
[ 72%] [34m[1mGenerating C++ code from robotiq_msgs/CModelCommand.msg[0m
[ 74%] [34m[1mGenerating C++ code from robotiq_msgs/CModelCommandResult.msg[0m
[ 76%] [34m[1mGenerating C++ code from robotiq_msgs/CModelCommandActionFeedback.msg[0m
[ 78%] [34m[1mGenerating C++ code from robotiq_msgs/CModelCommandAction.msg[0m
[ 78%] Built target robotiq_msgs_generate_messages_cpp
[35m[1mScanning dependencies of target robotiq_msgs_generate_messages_eus[0m
[ 80%] [34m[1mGenerating EusLisp code from robotiq_msgs/CModelCommandGoal.msg[0m
[ 82%] [34m[1mGenerating EusLisp code from robotiq_msgs/CModelStatus.msg[0m
[ 85%] [34m[1mGenerating EusLisp code from robotiq_msgs/CModelCommandActionResult.msg[0m
[ 87%] [34m[1mGenerating EusLisp code from robotiq_msgs/CModelCommandActionGoal.msg[0m
[ 89%] [34m[1mGenerating EusLisp code from robotiq_msgs/CModelCommandFeedback.msg[0m
[ 91%] [34m[1mGenerating EusLisp code from robotiq_msgs/CModelCommand.msg[0m
[ 93%] [34m[1mGenerating EusLisp code from robotiq_msgs/CModelCommandResult.msg[0m
[ 95%] [34m[1mGenerating EusLisp code from robotiq_msgs/CModelCommandActionFeedback.msg[0m
[ 97%] [34m[1mGenerating EusLisp code from robotiq_msgs/CModelCommandAction.msg[0m
[100%] [34m[1mGenerating EusLisp manifest code for robotiq_msgs[0m
[100%] Built target robotiq_msgs_generate_messages_eus
[35m[1mScanning dependencies of target robotiq_msgs_generate_messages[0m
[100%] Built target robotiq_msgs_generate_messages
